<?xml version="1.0" encoding="UTF-8"?>
<testng-results skipped="0" failed="0" ignored="0" total="1" passed="1">
  <reporter-output>
  </reporter-output>
  <suite name="All tests" duration-ms="20975" started-at="2021-12-21T17:29:03 MSK" finished-at="2021-12-21T17:29:24 MSK">
    <groups>
    </groups>
    <test name="CurrencyTestsWithNegativeBalance" duration-ms="20975" started-at="2021-12-21T17:29:03 MSK" finished-at="2021-12-21T17:29:24 MSK">
      <class name="com.epam.ta.test.CurrencyTestsWithNegativeBalance">
        <test-method status="PASS" signature="setUp()[pri:0, instance:com.epam.ta.test.CurrencyTestsWithNegativeBalance@3b088d51]" name="setUp" is-config="true" duration-ms="2677" started-at="2021-12-21T17:29:03 MSK" finished-at="2021-12-21T17:29:05 MSK">
          <reporter-output>
          </reporter-output>
        </test-method> <!-- setUp -->
        <test-method status="PASS" signature="browserSetup()[pri:0, instance:com.epam.ta.test.CurrencyTestsWithNegativeBalance@3b088d51]" name="browserSetup" is-config="true" duration-ms="15865" started-at="2021-12-21T17:29:05 MSK" finished-at="2021-12-21T17:29:21 MSK">
          <reporter-output>
          </reporter-output>
        </test-method> <!-- browserSetup -->
        <test-method status="PASS" signature="sellTokens()[pri:2, instance:com.epam.ta.test.CurrencyTestsWithNegativeBalance@3b088d51]" name="sellTokens" duration-ms="1399" started-at="2021-12-21T17:29:21 MSK" description="Sell tokens " finished-at="2021-12-21T17:29:23 MSK">
          <reporter-output>
          </reporter-output>
        </test-method> <!-- sellTokens -->
        <test-method status="PASS" signature="stopBrowser()[pri:0, instance:com.epam.ta.test.CurrencyTestsWithNegativeBalance@3b088d51]" name="stopBrowser" is-config="true" duration-ms="689" started-at="2021-12-21T17:29:23 MSK" finished-at="2021-12-21T17:29:24 MSK">
          <reporter-output>
          </reporter-output>
        </test-method> <!-- stopBrowser -->
      </class> <!-- com.epam.ta.test.CurrencyTestsWithNegativeBalance -->
    </test> <!-- CurrencyTestsWithNegativeBalance -->
  </suite> <!-- All tests -->
</testng-results>
